<?xml version="1.0" encoding="UTF-8"?>
<testng-results ignored="0" total="1" passed="1" failed="0" skipped="0">
  <reporter-output>
  </reporter-output>
  <suite started-at="2021-03-05T10:32:10 PST" name="Default suite" finished-at="2021-03-05T10:32:10 PST" duration-ms="56">
    <groups>
    </groups>
    <test started-at="2021-03-05T10:32:10 PST" name="Default test" finished-at="2021-03-05T10:32:10 PST" duration-ms="56">
      <class name="Pack1.HelloWorld">
        <test-method signature="testHelloWorld()[pri:0, instance:Pack1.HelloWorld@671a5887]" started-at="2021-03-05T10:32:10 PST" name="testHelloWorld" finished-at="2021-03-05T10:32:10 PST" duration-ms="9" status="PASS">
          <reporter-output>
          </reporter-output>
        </test-method> <!-- testHelloWorld -->
      </class> <!-- Pack1.HelloWorld -->
    </test> <!-- Default test -->
  </suite> <!-- Default suite -->
</testng-results>
